<?xml version="1.0" encoding="UTF-8"?>
<!-- Generated by org.testng.reporters.JUnitXMLReporter -->
<testsuite hostname="INPF0Y8SEZ" name="Test" tests="4" failures="0" timestamp="1 Nov 2019 08:36:29 GMT" time="128.754" errors="0">
  <testcase name="basepageNavigation" time="0.537" classname="qaprojects.validation"/>
  <testcase name="basepageNavigation" time="56.159" classname="qaprojects.Homepage"/>
  <testcase name="basepageNavigation" time="37.838" classname="qaprojects.Homepage"/>
  <testcase name="basepageNavigation" time="0.19" classname="qaprojects.validationNavigation"/>
</testsuite> <!-- Test -->
