<?xml version="1.0" encoding="UTF-8"?>
<!-- Generated by org.testng.reporters.JUnitXMLReporter -->
<testsuite hostname="INPF0Y8SEZ" name="Test2" tests="1" failures="1" timestamp="4 Nov 2019 08:33:35 GMT" time="20.72" errors="0">
  <testcase name="basepageNavigation" time="0.157" classname="qaprojects.validation">
    <failure type="junit.framework.ComparisonFailure" message="expected:&amp;lt;...123&amp;gt; but was:&amp;lt;...&amp;gt;">
      <![CDATA[junit.framework.ComparisonFailure: expected:<...123> but was:<...>
	at junit.framework.Assert.assertEquals(Assert.java:81)
	at junit.framework.Assert.assertEquals(Assert.java:87)
	at qaprojects.validation.basepageNavigation(validation.java:32)
... Removed 24 stack frames]]>
    </failure>
  </testcase> <!-- basepageNavigation -->
</testsuite> <!-- Test2 -->
